Seq	Host	Starttime	JobRuntime	Send	Receive	Exitval	Signal	Command
1	:	1709152316.934	     5.506	0	9582	0	0	doit requests/0007924f-7ea9-42e6-b616-095c668a33f4.pfreq
7	:	1709152316.951	    45.187	0	308	0	0	doit requests/00473d12-7ae2-409f-ba0c-9e3a5b03d177.pfreq
9	:	1709152322.452	    44.386	0	303	0	0	doit requests/0050b04f-ee7b-4229-b170-8d0c6d87e7e7.pfreq
11	:	1709152366.842	    15.813	0	303	0	0	doit requests/0073c626-e24d-42a1-b86e-da917593be41.pfreq
12	:	1709152382.660	     3.786	0	8272	0	0	doit requests/00867a76-24e3-4426-9a96-24e5564bede7.pfreq
5	:	1709152316.945	   109.907	0	305	0	0	doit requests/003d98fb-745f-451d-841c-7b7bf486c617.pfreq
2	:	1709152316.936	   119.840	0	320	0	0	doit requests/002334f6-f11b-421b-9e3e-647218843a6b.pfreq
8	:	1709152316.954	   120.072	0	313	0	0	doit requests/004e2a11-38bb-406a-967d-bc8b048fb8a7.pfreq
15	:	1709152436.781	     8.447	0	4601	0	0	doit requests/009c94e2-ffca-4b99-b2f6-5cd02378ec4a.pfreq
16	:	1709152437.031	    64.726	0	6884	0	0	doit requests/00c17a33-4716-407b-b19b-67fe995b30df.pfreq
18	:	1709152501.765	    68.250	0	309	0	0	doit requests/00d81564-ac31-4f4d-9462-cc6bf92a728d.pfreq
4	:	1709152316.942	   291.128	0	310	0	0	doit requests/002eb02a-e87b-4400-b768-c397c33c40fe.pfreq
19	:	1709152570.018	    40.084	0	3879	0	0	doit requests/00ffe5fe-6335-48bd-9d71-1650b8322134.pfreq
6	:	1709152316.948	   391.860	0	20919	0	0	doit requests/00415f9f-3db3-4c5b-bad7-2e6722654c3c.pfreq
3	:	1709152316.939	   392.213	0	475	0	0	doit requests/0024ea64-a798-47d3-9047-88d271e64a7d.pfreq
22	:	1709152708.816	    51.394	0	369	0	0	doit requests/013ff164-ee77-4f3e-8c32-21b5c0a9e3a0.pfreq
24	:	1709152760.216	     0.907	0	374	0	0	doit requests/01546f22-f417-4bea-81f2-59743d6cad91.pfreq
14	:	1709152426.857	   390.151	0	319	0	0	doit requests/008f3a13-fd47-4db1-ac3b-5e0a3ddee007.pfreq
25	:	1709152761.130	   102.605	0	793	0	0	doit requests/015d5c69-b7b1-4e36-9bb1-72c8cc4d2863.pfreq
27	:	1709152863.741	    16.397	0	301	0	0	doit requests/017cdb7f-fdff-45ed-93f4-601da71e242d.pfreq
20	:	1709152608.073	   281.005	0	31613	0	0	doit requests/01080e44-798a-4a80-b686-b1d332d085cb.pfreq
29	:	1709152889.090	     0.929	0	301	0	0	doit requests/01926bce-919c-4124-9907-d805ccce58c8.pfreq
30	:	1709152890.022	    54.362	0	321	0	0	doit requests/01a0b485-39e5-4a7f-a5ee-2d5fad9475ac.pfreq
26	:	1709152817.015	   158.205	0	5429	0	0	doit requests/0175ceda-6588-4494-aa40-1ec85222fea1.pfreq
21	:	1709152610.106	   389.672	0	336	0	0	doit requests/0126fb34-a0d9-46bc-9c82-eb29f5290c82.pfreq
33	:	1709152999.783	    13.989	0	9510	0	0	doit requests/01c2c121-d2f9-4ba3-aff9-920296528469.pfreq
13	:	1709152386.454	   826.848	0	352	0	0	doit requests/008a0601-cf59-4538-bdc7-036e7f27b707.pfreq
32	:	1709152975.226	   281.101	0	320	0	0	doit requests/01b8f256-ccc5-44b4-b185-46d64481c728.pfreq
36	:	1709153256.331	     3.533	0	667	0	0	doit requests/01f02092-140f-40f2-81c1-13dbd12e9481.pfreq
28	:	1709152880.142	   389.769	0	2603	0	0	doit requests/017d2cf7-daa7-46e5-808c-148029427a4c.pfreq
31	:	1709152944.390	   389.805	0	456	0	0	doit requests/01a65d53-fddb-4f1b-b7a7-728b854c8353.pfreq
39	:	1709153334.199	     0.860	0	308	0	0	doit requests/0210f022-ffb7-4b63-99be-4054d1cb31d5.pfreq
40	:	1709153335.063	     0.541	0	296	0	0	doit requests/02153822-d136-4042-b25c-cf40aa4fa7f8.pfreq
35	:	1709153213.308	   389.990	0	7395	0	0	doit requests/01ebca7a-ed58-4b4a-a9d3-07876bd9f752.pfreq
42	:	1709153603.318	    78.447	0	303	0	0	doit requests/02367de5-3f87-44fa-a9a2-3cc8382f8d68.pfreq
38	:	1709153269.917	   498.644	0	302	0	0	doit requests/020a7262-1ddf-4aa0-a1c7-f549c299e9f3.pfreq
43	:	1709153681.771	   195.334	0	418	0	0	doit requests/0237fc44-a9e6-416e-82b6-e33ca6669c0d.pfreq
45	:	1709153877.110	   108.157	0	305	0	0	doit requests/024be287-4f24-4dad-a998-709e000ac16b.pfreq
10	:	1709152362.143	  1980.955	0	5396	0	0	doit requests/00522dff-08bf-46bf-b7ed-3a8868ade24e.pfreq
47	:	1709154343.104	    17.467	0	1625	0	0	doit requests/02576f47-8f1c-4370-9ad0-7b10bc144639.pfreq
48	:	1709154360.576	    12.940	0	301	0	0	doit requests/02593caf-2868-4fa0-b78c-35ff67510bce.pfreq
46	:	1709153985.273	   389.782	0	831	0	0	doit requests/025465a8-4cea-43b0-b5b2-9f78ec13d7b7.pfreq
50	:	1709154375.059	     0.046	0	3046	0	0	doit requests/02751243-3cc3-4353-981b-be2352891af4.pfreq
49	:	1709154373.521	     4.389	0	412	0	0	doit requests/0268911b-0656-490b-a356-daf08dff15de.pfreq
17	:	1709152445.233	  1981.128	0	2676	0	0	doit requests/00d494b3-1c3b-43f9-8190-f0cb0418010d.pfreq
44	:	1709153768.566	   826.397	0	865	0	0	doit requests/02498cd0-97b9-4268-88d1-cb74c85617c5.pfreq
23	:	1709152709.155	  1980.476	0	309	0	0	doit requests/0150a77d-dafc-4adc-94ec-32336c487dc7.pfreq
55	:	1709154689.635	    64.663	0	764	0	0	doit requests/02c356dd-981c-4c19-ab91-d7c98bb964a7.pfreq
52	:	1709154377.916	   389.601	0	831	0	0	doit requests/027efb60-2ae4-4f0b-a408-576e6f4f07d3.pfreq
54	:	1709154594.967	   190.244	0	302	0	0	doit requests/029c02b9-cc8f-4c63-9efe-683a420516b8.pfreq
34	:	1709153013.778	  1979.488	0	14313	0	0	doit requests/01d66cc4-255a-4a06-ad77-c71dfb6e8087.pfreq
58	:	1709154785.216	   254.128	0	4764	0	0	doit requests/030ec925-7558-44c6-b64b-f2b06c740c0d.pfreq
57	:	1709154767.522	   389.337	0	5308	0	0	doit requests/030a6751-f4a5-4157-a3e8-e569348d094f.pfreq
61	:	1709155156.883	    73.229	0	376	0	0	doit requests/033d0719-73eb-4c83-9151-53c9864f3793.pfreq
62	:	1709155230.117	     8.130	0	10379	0	0	doit requests/037f7d4c-836c-4186-82ab-1cf3e03b63ac.pfreq
63	:	1709155238.262	    36.109	0	6909	0	0	doit requests/0392bc1a-9f0d-4795-8e6b-777e15fbb295.pfreq
60	:	1709155039.350	   283.246	0	2334	0	0	doit requests/03184764-167d-4de1-b6a3-d1b2dd3bcf8d.pfreq
59	:	1709154993.285	   389.293	0	305	0	0	doit requests/0310a320-db28-4105-804d-9535788a5093.pfreq
66	:	1709155382.583	     0.269	0	299	0	0	doit requests/03bbf9ee-8388-4127-af83-f1877f1a3f3e.pfreq
67	:	1709155382.858	     0.977	0	1794	0	0	doit requests/03c1297f-d426-4c7c-a648-4cb797ca6975.pfreq
68	:	1709155383.844	     1.054	0	6668	0	0	doit requests/03cfe5d7-885e-455e-9946-90246576541f.pfreq
65	:	1709155322.602	   190.242	0	1087	0	0	doit requests/03b037f6-9de9-463e-9ef4-47f9f96c68f9.pfreq
56	:	1709154754.301	  1007.562	0	31254	0	0	doit requests/0301623b-2ace-4b3d-85fb-ed456da70e7f.pfreq
69	:	1709155384.911	   389.326	0	8524	0	0	doit requests/040e30dc-213b-46e5-9bca-9a799c4efe8b.pfreq
70	:	1709155512.848	   280.305	0	456	0	0	doit requests/0412a9ab-d918-4eb3-a13d-de7785fa742a.pfreq
73	:	1709155793.158	     8.342	0	3657	0	0	doit requests/048c3277-bfea-4de0-a10e-bc1b7c43fc0b.pfreq
74	:	1709155801.506	    37.236	0	309	0	0	doit requests/0495adad-ae50-4f9c-af34-3dbea5d30b04.pfreq
75	:	1709155838.751	    15.670	0	485	0	0	doit requests/04969ef9-2bb5-4037-a378-41141fe48d9d.pfreq
72	:	1709155774.246	    85.197	0	299	0	0	doit requests/04806946-a7a4-460a-aea3-3c9c7947f816.pfreq
77	:	1709155859.446	    40.083	0	343	0	0	doit requests/04d4d888-8e96-4fbb-93ba-cf7a03983f59.pfreq
76	:	1709155854.425	   117.051	0	314	0	0	doit requests/04bb5202-6deb-4be5-9524-577532c121b8.pfreq
79	:	1709155971.479	    54.684	0	9689	0	0	doit requests/051b37f1-f4d0-44c7-ad46-b4125b2a925a.pfreq
80	:	1709156026.173	     4.761	0	303	0	0	doit requests/0541a616-d81c-4b5e-ae31-7effc9d122d8.pfreq
81	:	1709156030.938	    54.390	0	4096	0	0	doit requests/05499f3b-7e71-4a67-a06c-568672f63e45.pfreq
64	:	1709155274.379	   825.947	0	2690	0	0	doit requests/039d9f47-add0-4219-951e-6e67b534de50.pfreq
82	:	1709156085.333	    64.503	0	309	0	0	doit requests/054c1fbb-199a-488c-8a69-b53b5217be6d.pfreq
84	:	1709156149.841	     6.929	0	9528	0	0	doit requests/0590fa40-179b-4e15-aa01-38eb3ddac3cc.pfreq
85	:	1709156156.790	     1.408	0	300	0	0	doit requests/05927d14-eede-40d1-b5a8-87e1d1fb2f31.pfreq
86	:	1709156158.203	     0.906	0	315	0	0	doit requests/0599e4a7-7b84-4647-be8e-7914bed2cd3e.pfreq
87	:	1709156159.115	     6.430	0	307	0	0	doit requests/059a12ab-0d8d-40f7-8d09-76aa40ba2d61.pfreq
88	:	1709156165.549	    78.581	0	6513	0	0	doit requests/059c0421-722d-4598-b120-cc35652e2f16.pfreq
51	:	1709154375.110	  1977.771	0	316	0	0	doit requests/027a5c18-f65f-44fd-9ef9-87dc13473191.pfreq
90	:	1709156352.885	     0.289	0	299	0	0	doit requests/05a740c2-589a-44b1-8bab-7fbbe7fe5502.pfreq
83	:	1709156100.330	   279.871	0	417	0	0	doit requests/0585fe62-548b-4369-b089-0c583f926769.pfreq
53	:	1709154426.365	  1977.753	0	1513	0	0	doit requests/0295895f-5a60-4f0b-9951-6898e238fe5e.pfreq
93	:	1709156404.122	    13.062	0	302	0	0	doit requests/05f3e62b-1c72-483d-bb0b-32589d77667f.pfreq
89	:	1709156244.137	   182.524	0	5680	0	0	doit requests/05a2a222-d78c-4281-b391-7f0071b53c72.pfreq
94	:	1709156417.187	   140.460	0	499	0	0	doit requests/05f957ba-af5d-433e-988a-2aff2fc959d6.pfreq
92	:	1709156380.205	   280.039	0	319	0	0	doit requests/05e4e64a-f35f-4e16-8448-f11700640799.pfreq
97	:	1709156660.249	     4.464	0	489	0	0	doit requests/062648f2-ed7f-4fc3-ad82-f651663b0ed9.pfreq
91	:	1709156353.179	   389.872	0	1060	0	0	doit requests/05de9bcc-5db4-4f8b-92bc-e3d45d12bfbe.pfreq
99	:	1709156743.056	     1.095	0	308	0	0	doit requests/062be8e0-3c99-41dc-ba3b-26d1f664d9df.pfreq
71	:	1709155761.926	  1001.450	0	13048	0	0	doit requests/0421083b-c8de-4b62-99fd-8a49138b7c5d.pfreq
101	:	1709156763.392	    16.450	0	1663	0	0	doit requests/0668a3a3-6f18-4038-bc27-eb71aa2cd7d1.pfreq
100	:	1709156744.154	    45.776	0	23864	0	0	doit requests/065e6614-8a19-4f08-a1b0-efb380fd76c5.pfreq
95	:	1709156426.670	   389.510	0	401	0	0	doit requests/06057b3e-034a-4b3f-9d16-87aceff55430.pfreq
104	:	1709156816.186	     1.529	0	3721	0	0	doit requests/06aea296-4a86-4da9-9efd-7c189199df03.pfreq
102	:	1709156779.846	    64.584	0	806	0	0	doit requests/0696e0e4-4b36-423d-a316-3d28bf720dcc.pfreq
103	:	1709156789.981	    54.690	0	321	0	0	doit requests/069a2231-6220-4124-ba6c-90e07c6c0164.pfreq
106	:	1709156844.433	     4.290	0	1264	0	0	doit requests/06c30b89-ff15-41ab-ae49-5dab9c855d48.pfreq
37	:	1709153259.868	  3618.891	0	17415	0	0	doit requests/0202d2b4-9763-4308-b48f-68ac8932d303.pfreq
41	:	1709153335.608	  3620.095	0	17421	0	0	doit requests/0231bc2c-9022-4011-8ae0-7e4c016f6109.pfreq
110	:	1709156955.736	   117.151	0	10148	0	0	doit requests/06f9e0c7-6916-4148-a1f5-6ff96b6e4a5a.pfreq
111	:	1709157072.899	     0.542	0	310	0	0	doit requests/06fa3fe9-06de-4514-8660-380cd2d6ca53.pfreq
109	:	1709156878.789	   389.575	0	1314	0	0	doit requests/06f030d4-c078-4ab1-aaa5-eca512c3fe8a.pfreq
112	:	1709157073.446	   273.799	0	15745	0	0	doit requests/070fc72b-60fa-4f0c-b916-59fd4e3ebb74.pfreq
108	:	1709156848.728	   682.391	0	1037	0	0	doit requests/06ea1829-c6ba-41fa-8162-4bdd792a1f8b.pfreq
107	:	1709156844.677	   736.970	0	14711	0	0	doit requests/06d6c722-74c8-489b-8eaf-2b472166b165.pfreq
114	:	1709157347.261	   279.371	0	15818	0	0	doit requests/071fdd9c-a48e-4a4f-8af1-5683762b66ae.pfreq
117	:	1709157626.669	    17.292	0	303	0	0	doit requests/0742cb84-25b5-46ef-8737-f71de6cc50bc.pfreq
113	:	1709157268.371	   389.569	0	7388	0	0	doit requests/0719dfe1-5030-4153-8e70-08f5b1635416.pfreq
78	:	1709155899.534	  1978.532	0	308	0	0	doit requests/04ebee97-3db3-46e2-b212-d45e28263657.pfreq
120	:	1709157878.071	    11.226	0	304	0	0	doit requests/07972224-10e4-4766-bf6e-65c37772fdd3.pfreq
115	:	1709157531.126	   389.601	0	475	0	0	doit requests/07233101-1ae5-44c5-8e1b-8525f947eef8.pfreq
121	:	1709157889.303	    45.680	0	300	0	0	doit requests/07981401-6056-43f1-a14e-5767ef157eb0.pfreq
123	:	1709157934.986	     0.846	0	5755	0	0	doit requests/07d57e34-50ae-4b05-960d-a65ff5d056ba.pfreq
124	:	1709157935.845	    64.362	0	308	0	0	doit requests/07d5c53a-1df0-498a-8095-07e1b06dbf73.pfreq
118	:	1709157643.964	   389.819	0	320	0	0	doit requests/07440d68-d039-4a97-ac9d-db92f37c4a75.pfreq
122	:	1709157920.733	   117.197	0	10141	0	0	doit requests/079f7606-cdc1-4817-a953-b4e26cd1769f.pfreq
126	:	1709158033.787	    36.962	0	302	0	0	doit requests/07fae8da-b6af-444d-8cc8-69138da19e31.pfreq
128	:	1709158070.752	     0.896	0	401	0	0	doit requests/08046603-ebe5-4092-8def-0f5c76e138f6.pfreq
129	:	1709158071.653	     1.560	0	325	0	0	doit requests/080f4dd8-b461-4c08-abc3-94b166ab14a7.pfreq
127	:	1709158037.945	   182.452	0	966	0	0	doit requests/07fe5de0-661f-4b83-a342-ca78cba05f20.pfreq
131	:	1709158220.403	     8.105	0	300	0	0	doit requests/0817ebc2-9dae-4a33-b25b-2a403b8ea24b.pfreq
132	:	1709158228.513	     8.940	0	312	0	0	doit requests/081da1e2-f9eb-4ff6-bcf2-3f5121cceaab.pfreq
133	:	1709158237.458	     0.916	0	324	0	0	doit requests/08218d0a-0fdd-4ba0-bdac-2b45de895d30.pfreq
116	:	1709157581.679	   681.320	0	303	0	0	doit requests/073fe96f-d9f2-4dd8-9742-80b709ec46e2.pfreq
135	:	1709158263.022	     3.741	0	305	0	0	doit requests/084383dd-c72a-42f1-b89a-61bd21da5ea6.pfreq
134	:	1709158238.395	    54.522	0	8327	0	0	doit requests/08385dd6-9633-4de1-ac28-3eabe5191526.pfreq
130	:	1709158073.219	   389.447	0	8528	0	0	doit requests/0814c636-2ca9-46ef-971e-395a7b7505b3.pfreq
137	:	1709158292.929	   198.161	0	7684	0	0	doit requests/08612ce2-6aae-4f06-a487-7db72c0bfc19.pfreq
138	:	1709158462.678	    42.900	0	303	0	0	doit requests/08674388-1f49-4351-95bd-ba1d42448e92.pfreq
140	:	1709158505.582	     0.894	0	8560	0	0	doit requests/089bfdc3-4d0b-4a5f-90f8-5ac189503796.pfreq
96	:	1709156557.652	  1978.200	0	491	0	0	doit requests/061cdd9d-0171-4e0b-8e1b-3a88bb5c2348.pfreq
139	:	1709158491.099	    64.526	0	6877	0	0	doit requests/08743f7a-23fe-4dca-810a-7554ae2db3bb.pfreq
141	:	1709158506.509	    64.319	0	308	0	0	doit requests/08a07c63-5e35-4299-b27f-e4c089359415.pfreq
143	:	1709158555.632	    51.112	0	7808	0	0	doit requests/08b27c0c-8dc1-44d1-8698-ddb5d9c84b69.pfreq
98	:	1709156664.718	  1978.411	0	1458	0	0	doit requests/06269ef7-b35b-41fa-8ffe-60c1db6d1239.pfreq
145	:	1709158606.757	    41.045	0	3352	0	0	doit requests/08c8433f-d696-4583-9949-850d5ebbaa63.pfreq
136	:	1709158266.767	   389.427	0	394	0	0	doit requests/0854d8cf-710d-4a93-8e5f-56c593d87cd9.pfreq
146	:	1709158643.151	   140.384	0	316	0	0	doit requests/08d26eb3-d24b-42b0-99b1-7716e8058d5e.pfreq
105	:	1709156817.723	  1977.855	0	303	0	0	doit requests/06b6316e-b606-42c9-b6a8-50ac74899613.pfreq
149	:	1709158783.541	    51.381	0	4927	0	0	doit requests/0914c6f1-f262-4741-87d3-15bdce889a95.pfreq
151	:	1709158834.929	     9.732	0	300	0	0	doit requests/0944c3f3-b27c-452e-acb9-d9bda9b90fd6.pfreq
152	:	1709158844.666	     0.894	0	314	0	0	doit requests/096aec6e-eaa5-45dd-a362-d9e96050ddef.pfreq
150	:	1709158795.583	    51.230	0	300	0	0	doit requests/0929c3b9-d9c8-4d86-ae65-06c23927a726.pfreq
144	:	1709158570.834	   280.039	0	319	0	0	doit requests/08b89045-56e5-4f5b-9454-6e16065b35f9.pfreq
153	:	1709158845.565	    54.243	0	4090	0	0	doit requests/0973abe7-3c72-4d02-9830-aba256a130ba.pfreq
155	:	1709158850.879	    51.355	0	495	0	0	doit requests/098994c9-4950-46e0-99fa-80f6365adb63.pfreq
154	:	1709158846.820	    68.208	0	13702	0	0	doit requests/0976a007-ab3e-4083-8ef2-f16422655e19.pfreq
158	:	1709158915.043	     0.486	0	7650	0	0	doit requests/09be798e-3da4-410b-9513-d8da452c7d7a.pfreq
142	:	1709158535.859	   389.375	0	313	0	0	doit requests/08a7e0cd-1361-4d06-a2a6-3441813277e6.pfreq
156	:	1709158899.815	   134.019	0	3015	0	0	doit requests/09ab1948-74f1-45ae-81d9-9ee837c3b6c2.pfreq
147	:	1709158647.808	   389.406	0	683	0	0	doit requests/08defcb9-4cb6-42c0-a45c-a5726dff454a.pfreq
162	:	1709159037.219	     3.945	0	307	0	0	doit requests/0a26ce3d-b99f-4360-aa4d-12012badd90b.pfreq
148	:	1709158656.197	   389.461	0	468	0	0	doit requests/08f50f42-44b7-447e-add9-6047a5f97cac.pfreq
164	:	1709159045.663	     4.753	0	13207	0	0	doit requests/0a356001-b141-455d-8836-054978e0fa97.pfreq
161	:	1709159033.841	    54.274	0	1106	0	0	doit requests/09d108cb-6581-4288-96e0-be6e06608df8.pfreq
166	:	1709159088.123	     0.910	0	323	0	0	doit requests/0a3cb3be-89ba-49fa-95f1-544d2e188ba3.pfreq
163	:	1709159041.170	    54.394	0	1119	0	0	doit requests/0a2eabf9-74b1-469b-8bf0-49b2eb727b56.pfreq
168	:	1709159095.568	    13.871	0	298	0	0	doit requests/0a4c2a51-987e-4966-8f66-f16554c51f8f.pfreq
165	:	1709159050.442	    68.075	0	10586	0	0	doit requests/0a376d94-cab1-4e28-aba6-af52bf0f3e48.pfreq
167	:	1709159089.038	    64.629	0	757	0	0	doit requests/0a45b48b-492b-4fd8-9f79-1f253d3de338.pfreq
169	:	1709159109.444	    51.270	0	362	0	0	doit requests/0a4ec43b-82af-40d3-adfc-eba9448ac776.pfreq
157	:	1709158902.239	   389.442	0	8112	0	0	doit requests/09b6fb4c-75e7-4bfc-8c11-e8055ebd7487.pfreq
159	:	1709158915.549	   389.529	0	314	0	0	doit requests/09c4e3a8-e7fa-4389-83a8-ab2bf1e7c88b.pfreq
160	:	1709158925.238	   389.377	0	1405	0	0	doit requests/09cb569e-c93f-4935-ae86-d0de779a8d6c.pfreq
170	:	1709159118.538	   198.226	0	601	0	0	doit requests/0a825f68-8625-4b59-accf-084ae59633fe.pfreq
175	:	1709159314.622	     4.519	0	13522	0	0	doit requests/0b024021-f8f4-4ca9-9d56-38a449744610.pfreq
177	:	1709159319.163	     4.448	0	489	0	0	doit requests/0b16fd51-ae75-49b4-ad49-a55bdd1f332b.pfreq
173	:	1709159291.696	   195.025	0	528	0	0	doit requests/0afddaed-11e7-43c7-bedd-3efa59e4231b.pfreq
178	:	1709159323.616	   190.317	0	5750	0	0	doit requests/0b190ec6-68d8-4ace-8972-8db8542152c0.pfreq
171	:	1709159153.673	   389.253	0	7388	0	0	doit requests/0a857806-ac8e-47cd-b30c-b08f5ec7d76c.pfreq
172	:	1709159160.718	   389.305	0	5550	0	0	doit requests/0a893dd7-9b38-4a39-943f-e9ed7477ebc7.pfreq
179	:	1709159486.728	    64.190	0	435	0	0	doit requests/0b450f7a-3cee-4663-962b-886e19180e22.pfreq
119	:	1709157657.951	  1977.197	0	4650	0	0	doit requests/074ab9ab-a3d6-432d-9f69-2144eba0b022.pfreq
181	:	1709159542.942	   254.265	0	306	0	0	doit requests/0b4e5900-52e5-45a5-a73c-57487b918b8a.pfreq
182	:	1709159550.031	   254.282	0	312	0	0	doit requests/0b51ff81-24a3-486d-ad3d-fbf55e7d0958.pfreq
186	:	1709159804.319	    40.154	0	1868	0	0	doit requests/0b8df71b-e482-43a6-8be5-a435ba3b7d78.pfreq
185	:	1709159797.213	    54.401	0	314	0	0	doit requests/0b87f85d-d0b4-4071-9d62-7803a9272138.pfreq
188	:	1709159851.618	     3.986	0	301	0	0	doit requests/0ba50520-a923-4e77-9bc2-fb6f57555652.pfreq
183	:	1709159550.924	   389.246	0	1046	0	0	doit requests/0b533eb6-753f-42fd-8557-0247a48494d9.pfreq
189	:	1709159855.608	    89.960	0	684	0	0	doit requests/0bb9779c-7214-41f7-a994-b0afaa71cfa3.pfreq
190	:	1709159940.175	    14.624	0	5026	0	0	doit requests/0bf1df5c-ccb5-4b4a-9ff9-1a3b8e1dcead.pfreq
192	:	1709159954.809	     1.578	0	304	0	0	doit requests/0c121aab-4f82-479b-add6-9661233ac6ca.pfreq
193	:	1709159956.391	    10.427	0	300	0	0	doit requests/0c16b9d8-d312-46c2-baa4-1c6069434b0b.pfreq
194	:	1709159966.824	     1.400	0	299	0	0	doit requests/0c1dde83-3854-4209-9c60-22823d1636a7.pfreq
195	:	1709159968.227	     4.328	0	2815	0	0	doit requests/0c1e27c5-90f8-405c-b2d0-5668027c7523.pfreq
125	:	1709158000.211	  1977.651	0	315	0	0	doit requests/07e6562d-546d-4223-880c-e27149296a05.pfreq
174	:	1709159305.083	   681.774	0	19775	0	0	doit requests/0b008d20-8d68-4a44-aeb0-a6fdfac4c2ce.pfreq
197	:	1709159977.868	    73.305	0	9888	0	0	doit requests/0c6a8105-bbe8-419d-b56f-0e78ec09120f.pfreq
198	:	1709159986.878	   117.138	0	308	0	0	doit requests/0c6b314d-0bb0-41cf-a4e6-c831b5c3851f.pfreq
187	:	1709159844.478	   275.948	0	11904	0	0	doit requests/0b98f241-1bdb-4d79-8943-2c3b8a2d0925.pfreq
201	:	1709160120.444	     7.400	0	294	0	0	doit requests/0c843cb9-836f-40e0-84bb-010d01643aaf.pfreq
202	:	1709160127.849	    51.270	0	300	0	0	doit requests/0c90e846-9a8a-4aad-8658-ae17cd7fdf57.pfreq
203	:	1709160179.125	    64.572	0	12112	0	0	doit requests/0c9c0c10-75be-4239-9d99-5e4335200601.pfreq
204	:	1709160243.718	     0.854	0	2622	0	0	doit requests/0cae0e4c-fc4d-41f8-bedf-8879180a686f.pfreq
199	:	1709160051.190	   254.414	0	728	0	0	doit requests/0c770f57-a459-4bf0-8f28-817a4542b8b5.pfreq
184	:	1709159635.157	   736.707	0	308	0	0	doit requests/0b5ee13c-b7a3-465f-946f-5e95b232bd3c.pfreq
206	:	1709160305.609	   107.625	0	306	0	0	doit requests/0cf2e6b5-4b1b-4f95-8f1f-659e8f5654bd.pfreq
200	:	1709160104.023	   389.417	0	2610	0	0	doit requests/0c7d50b0-3dd6-4980-ba8a-6cbbb2588605.pfreq
209	:	1709160493.444	     0.891	0	313	0	0	doit requests/0d498e51-d625-4008-8f12-687661a5e261.pfreq
208	:	1709160413.239	   117.250	0	307	0	0	doit requests/0d2f1fb1-c952-47e5-a435-82b00211a068.pfreq
196	:	1709159972.644	   737.069	0	307	0	0	doit requests/0c505c4b-1407-47bd-b134-b379e9587e7a.pfreq
211	:	1709160530.494	   389.536	0	5308	0	0	doit requests/0d4ec445-1997-461f-94d4-e3fcbb401575.pfreq
205	:	1709160244.578	   681.940	0	302	0	0	doit requests/0cc28eba-d2ce-47da-be93-8f1cce5acc81.pfreq
191	:	1709159945.573	  1001.252	0	410	0	0	doit requests/0c120116-46f5-4eb2-8b6c-bde64ba317d2.pfreq
214	:	1709160926.524	    84.795	0	3141	0	0	doit requests/0daa8205-b3bb-4d14-9a9c-9344baacd677.pfreq
210	:	1709160494.340	   540.313	0	301	0	0	doit requests/0d4b590a-e74c-43b4-a8ed-5762ff4a5f1c.pfreq
217	:	1709161034.657	     4.816	0	1239	0	0	doit requests/0dc6c725-7611-46c1-a54f-25a9d5e0d5bf.pfreq
218	:	1709161039.477	    17.210	0	297	0	0	doit requests/0dc90d87-2ced-4a17-99e4-995de033322e.pfreq
215	:	1709160946.829	   157.362	0	935	0	0	doit requests/0dba1f00-6ab0-451a-a6da-84e0a8331092.pfreq
216	:	1709161011.322	   117.247	0	7219	0	0	doit requests/0dc2ac68-c304-46cb-8bea-cb7615355a91.pfreq
221	:	1709161128.579	     4.923	0	298	0	0	doit requests/0ddb9976-9fa0-44c2-a5ee-ae482645ca3c.pfreq
222	:	1709161133.506	     0.894	0	1070	0	0	doit requests/0de2acbf-877f-4324-b117-a0a11c0846f1.pfreq
223	:	1709161134.406	    17.300	0	302	0	0	doit requests/0de31f7e-3d57-419d-8139-aedaaf9b9d2b.pfreq
220	:	1709161104.196	    51.161	0	684	0	0	doit requests/0dd4ac2a-0246-4a63-a139-8956507722b2.pfreq
225	:	1709161155.361	    64.592	0	427	0	0	doit requests/0def2874-65ba-4476-9bc1-a3d4abf41c6e.pfreq
226	:	1709161219.959	    16.393	0	332	0	0	doit requests/0e18f8b3-ae5f-4fd8-b035-de46db9af07a.pfreq
176	:	1709159316.769	  1977.152	0	676	0	0	doit requests/0b05c619-a3ce-4be8-94dd-f574ab08cc46.pfreq
213	:	1709160920.038	   389.452	0	831	0	0	doit requests/0d5f2b53-3ad3-4279-afc9-3e4913f015ab.pfreq
229	:	1709161309.495	     0.402	0	1807	0	0	doit requests/0e3769ba-c29b-4d06-97d0-efa2b7a8e50a.pfreq
228	:	1709161293.927	    54.799	0	4110	0	0	doit requests/0e31b86d-9566-4aac-81b6-337b82f7815d.pfreq
231	:	1709161348.736	    78.381	0	303	0	0	doit requests/0e582665-81c5-44fd-ad19-bf5f959f829a.pfreq
219	:	1709161056.692	   389.647	0	319	0	0	doit requests/0dd41809-3456-4211-91b8-229e31bcb01d.pfreq
180	:	1709159513.952	  1977.743	0	308	0	0	doit requests/0b46be49-2af2-4604-b04d-b21295f6a060.pfreq
233	:	1709161446.344	    90.111	0	307	0	0	doit requests/0e62917d-da27-4b5c-b2b3-754779eae7c4.pfreq
227	:	1709161236.356	   389.607	0	817	0	0	doit requests/0e240103-3bf7-41d6-9299-0ccc5d62ed27.pfreq
230	:	1709161309.901	   499.878	0	309	0	0	doit requests/0e407d67-06a5-4ef0-aa01-d62f023be1e5.pfreq
235	:	1709161536.461	   682.187	0	302	0	0	doit requests/0e85fd24-e82d-460b-bf77-1f9a3144b407.pfreq
207	:	1709160371.869	  1977.897	0	2669	0	0	doit requests/0d01db45-9237-454b-be2a-5bc138aaa5ee.pfreq
239	:	1709162349.772	     4.059	0	296	0	0	doit requests/0ec9ea20-5cba-4a0f-95fe-89d903551f8a.pfreq
236	:	1709161625.967	   735.318	0	303	0	0	doit requests/0e86ac3c-475b-4c30-95ae-280962efd9cf.pfreq
241	:	1709162361.289	     9.161	0	301	0	0	doit requests/0f0e0c77-7ceb-4e86-96a4-5d57e7226630.pfreq
242	:	1709162370.458	    64.490	0	315	0	0	doit requests/0f197183-2e36-45d7-8b7d-dc74a04f99df.pfreq
237	:	1709161809.785	   736.898	0	1419	0	0	doit requests/0eb1f3d1-fae2-44ae-81d4-700983ae4a40.pfreq
212	:	1709160709.721	  1978.273	0	511	0	0	doit requests/0d50a578-cbf0-411c-8ce0-4e563fabc83c.pfreq
245	:	1709162688.003	    51.220	0	307	0	0	doit requests/0f4cf583-f87d-48bb-a915-2b6d62cb046d.pfreq
240	:	1709162353.837	   389.206	0	339	0	0	doit requests/0ed9cf78-1dcf-4623-a0bd-b8cba4a2d766.pfreq
246	:	1709162739.226	    43.142	0	302	0	0	doit requests/0f4d1466-8ed7-4c8c-975c-1a93b6bda95f.pfreq
247	:	1709162743.048	    51.289	0	7583	0	0	doit requests/0f539aca-f3dd-4642-af09-536ab461d388.pfreq
244	:	1709162546.688	   277.486	0	11820	0	0	doit requests/0f4cf268-81ea-4215-a540-0fc6b9a1fd56.pfreq
250	:	1709162824.201	     3.975	0	14831	0	0	doit requests/0f7aa81e-503b-465d-94ca-8e4fedae4852.pfreq
251	:	1709162828.227	     3.494	0	15806	0	0	doit requests/0f98a9c8-4018-4a3d-bcf8-26118354c2b2.pfreq
224	:	1709161151.710	  1977.609	0	429	0	0	doit requests/0de8cf3d-d080-4bbf-9865-6d0824a29d51.pfreq
248	:	1709162782.372	   389.523	0	343	0	0	doit requests/0f5bbe56-7feb-40f6-a96e-95037939321e.pfreq
254	:	1709163171.901	    40.007	0	300	0	0	doit requests/0fde3110-fe5d-43a6-a53b-4ce0c80e53ca.pfreq
238	:	1709162218.654	  1000.875	0	303	0	0	doit requests/0ec25c5a-bcc8-4e4e-b5e8-3ca4fd6975b3.pfreq
256	:	1709163219.534	     0.962	0	3570	0	0	doit requests/0fed18ec-e909-49ff-b043-0893cb2d4afb.pfreq
252	:	1709162831.753	   389.769	0	1426	0	0	doit requests/0f9d0d94-c3c5-4467-b10c-f2ba0c7dbf9c.pfreq
258	:	1709163221.527	    68.055	0	309	0	0	doit requests/100728f0-d2cc-47f1-ad03-0eca481eb1f8.pfreq
259	:	1709163289.587	     9.742	0	539	0	0	doit requests/1007be79-bec8-4d77-886e-fabcdf5c37b8.pfreq
255	:	1709163211.913	   133.826	0	300	0	0	doit requests/0febf01e-4cac-4ce2-9985-207ab192e7fa.pfreq
260	:	1709163299.332	   116.914	0	3508	0	0	doit requests/101f2e78-bc32-4c3d-8770-3ad309060ecc.pfreq
234	:	1709161491.700	  1977.411	0	4663	0	0	doit requests/0e8084a1-d9bd-4f20-8d09-e502d29971ea.pfreq
253	:	1709163129.325	   389.157	0	7395	0	0	doit requests/0fb66b36-9f34-46db-be15-06a9a72a1e92.pfreq
249	:	1709162794.346	   736.262	0	1488	0	0	doit requests/0f5caa0e-47c9-4211-b1b9-b7dc11581234.pfreq
257	:	1709163220.502	   389.052	0	319	0	0	doit requests/0ffa9fae-095d-41a1-8ce0-1774f8da08ba.pfreq
266	:	1709163609.559	     0.963	0	362	0	0	doit requests/104ecfc6-e815-436a-96ab-0824c9eaedc2.pfreq
264	:	1709163518.501	   139.420	0	311	0	0	doit requests/104b3439-35e5-4191-8a61-28a2d0ae367c.pfreq
262	:	1709163416.253	   275.957	0	41639	0	0	doit requests/1027af30-a7f3-4124-9df8-94652300ff7e.pfreq
268	:	1709163657.925	    41.239	0	332	0	0	doit requests/1050be4e-9453-496a-83b1-628ba091e3ac.pfreq
270	:	1709163699.167	     1.116	0	309	0	0	doit requests/105af1dc-7c15-4b00-b23a-478c0af455a4.pfreq
261	:	1709163345.744	   389.233	0	974	0	0	doit requests/1024190d-37c4-4a32-a119-a30ac224fded.pfreq
269	:	1709163692.257	    43.657	0	5254	0	0	doit requests/105131d8-f265-40c9-a067-87f70eceefc4.pfreq
273	:	1709163735.934	    40.029	0	4112	0	0	doit requests/109a5594-e419-4d03-954d-12701776417b.pfreq
272	:	1709163734.981	    41.101	0	329	0	0	doit requests/10835b9c-91cb-4b68-a80b-21070297a9a1.pfreq
275	:	1709163776.086	    51.295	0	17179	0	0	doit requests/10bbf56c-9fa5-4797-a1cb-43ca83607841.pfreq
276	:	1709163827.412	    43.535	0	308	0	0	doit requests/10edf6ed-d634-4dd6-9cd9-5aa53c41abc1.pfreq
265	:	1709163530.611	   389.435	0	587	0	0	doit requests/104e3f39-d138-4a6d-aa15-10ed5076d217.pfreq
274	:	1709163775.969	   195.005	0	350	0	0	doit requests/10aff0d8-68b4-4b88-b3d3-f1f48fc47618.pfreq
279	:	1709163970.978	    51.177	0	7570	0	0	doit requests/111a8de7-226a-4893-85a4-af225c6d9340.pfreq
278	:	1709163920.051	   110.298	0	447	0	0	doit requests/1119dac2-c549-469d-9057-ca7f05d24626.pfreq
271	:	1709163700.288	   389.360	0	401	0	0	doit requests/10673bee-9c75-430f-b57e-b750abb7bf46.pfreq
267	:	1709163610.526	   499.979	0	308	0	0	doit requests/105024d0-6842-4f51-8793-1f4bfa13c02f.pfreq
282	:	1709164089.653	    43.568	0	4300	0	0	doit requests/116b8cef-4e76-4e3c-9233-1eb8fe3867c1.pfreq
283	:	1709164110.509	    42.975	0	1534	0	0	doit requests/116d8f0c-35c6-46e4-891d-01a2ca8f17db.pfreq
263	:	1709163469.118	   826.516	0	6994	0	0	doit requests/103719c7-f175-4e48-8519-7bf0f5d0799c.pfreq
243	:	1709162434.953	  1977.177	0	1458	0	0	doit requests/0f1ec8c7-35c2-4ecd-9f1d-aab02485d6a4.pfreq
285	:	1709164153.490	   276.017	0	15751	0	0	doit requests/11993342-2712-41b2-ac0b-d3670d96ebcf.pfreq
286	:	1709164295.649	   254.193	0	9009	0	0	doit requests/11a8b19c-969b-448a-a6bd-60fa354442c2.pfreq
287	:	1709164412.135	   288.279	0	488	0	0	doit requests/11afed8d-d69c-4d87-b87c-9edfd4beb9fd.pfreq
288	:	1709164429.527	   273.321	0	11814	0	0	doit requests/11baabc1-5d07-4612-9384-edee5a29475f.pfreq
281	:	1709164030.354	   681.881	0	316	0	0	doit requests/1162a376-3bfb-4847-9768-458d75e50691.pfreq
284	:	1709164133.227	   681.865	0	4354	0	0	doit requests/117ec054-64ba-40c2-b6c7-f93f37964113.pfreq
289	:	1709164549.850	   299.035	0	14330	0	0	doit requests/11dafc40-c272-4bec-befc-1ed796652dab.pfreq
292	:	1709164712.242	   157.304	0	301	0	0	doit requests/1216035a-fb6b-4a8c-b0b6-d38aea7ff504.pfreq
295	:	1709164869.551	     7.187	0	484	0	0	doit requests/122fb817-5c74-4628-b2c2-d0a7402ee96d.pfreq
296	:	1709164876.744	     0.898	0	1114	0	0	doit requests/1246406e-a91d-4230-bd3d-16eeb1dedba0.pfreq
297	:	1709164877.648	     3.964	0	328	0	0	doit requests/1257e3e1-5604-48ea-9b10-97ebabfc850d.pfreq
290	:	1709164700.420	   299.669	0	19514	0	0	doit requests/11f4f291-5867-40c2-9cd0-96877ba85783.pfreq
299	:	1709165000.122	    15.582	0	4944	0	0	doit requests/1275a502-b0de-4b5f-ac3c-cae33cac4b6e.pfreq
280	:	1709164022.163	  1007.944	0	507	0	0	doit requests/112c6486-7460-4dd8-93c2-2b529d33dcf4.pfreq
301	:	1709165030.112	    54.806	0	799	0	0	doit requests/1296e4e5-a688-4a8f-8f3a-48a5e7e68305.pfreq
302	:	1709165084.922	     0.848	0	302	0	0	doit requests/12a98986-a041-4b1b-b655-d591635e0f60.pfreq
291	:	1709164702.866	   389.289	0	449	0	0	doit requests/121470df-b589-4c14-984e-c1afce518918.pfreq
303	:	1709165085.773	    80.181	0	8011	0	0	doit requests/12b32dd1-9172-4426-91c4-3f43d187503f.pfreq
298	:	1709164881.618	   298.507	0	516	0	0	doit requests/126d63db-9d04-4bc1-afcc-ab41bccd5a48.pfreq
293	:	1709164815.098	   389.744	0	350	0	0	doit requests/1227768a-0588-4b95-ae10-d2496eb5e0e9.pfreq
306	:	1709165180.129	    51.407	0	398	0	0	doit requests/12de157a-277d-4dfa-94f7-742d410bf2a8.pfreq
307	:	1709165204.849	    64.114	0	303	0	0	doit requests/12e80dea-f5b3-468f-aa98-ef6ee24ce28c.pfreq
305	:	1709165165.978	   117.736	0	320	0	0	doit requests/12c85362-f708-4516-b879-aa00c304ed80.pfreq
300	:	1709165015.711	   273.602	0	322	0	0	doit requests/12944625-e8bf-48b7-89af-297025b31419.pfreq
311	:	1709165289.318	     3.220	0	302	0	0	doit requests/1315bc20-2c64-4af1-bbb7-070047120afb.pfreq
310	:	1709165283.719	    57.662	0	299	0	0	doit requests/130ce7c8-8e4b-4616-ae29-095691c07f61.pfreq
312	:	1709165292.541	    64.307	0	315	0	0	doit requests/13267d66-0efb-41dc-af8b-5697ae917575.pfreq
313	:	1709165341.386	    84.626	0	9569	0	0	doit requests/1341d316-2ae3-431d-846b-2705cd1fa876.pfreq
315	:	1709165426.023	   103.229	0	732	0	0	doit requests/1352c52b-ec35-4e16-a78e-f9c8f2fb0010.pfreq
316	:	1709165529.256	     0.961	0	311	0	0	doit requests/13614cda-38c9-429a-b3bd-48b01c9ea272.pfreq
294	:	1709164848.917	   736.269	0	1599	0	0	doit requests/122dafb2-cfed-449f-9321-6c54be7e732f.pfreq
308	:	1709165231.539	   389.348	0	442	0	0	doit requests/12ed2be7-61a7-4cb9-9f93-82f14cc5bc33.pfreq
309	:	1709165268.968	   389.289	0	5557	0	0	doit requests/12edbb8e-c37d-4a07-a760-7a54e090124f.pfreq
314	:	1709165356.857	   389.338	0	817	0	0	doit requests/134bd3a5-7d83-44cb-85c0-f9250d4b8bb5.pfreq
319	:	1709165620.891	   138.059	0	4232	0	0	doit requests/13753f11-0833-43ec-ba88-1d7aac871449.pfreq
304	:	1709165092.159	   682.032	0	1732	0	0	doit requests/12bd589d-3770-4fb5-9b05-e15b0c22a79f.pfreq
317	:	1709165530.222	   275.864	0	31606	0	0	doit requests/13702fd6-739a-49dd-9ca5-d8ca97792b6d.pfreq
324	:	1709165806.150	     0.848	0	12640	0	0	doit requests/13c89f29-8c9f-4d2a-b4d5-3c73bf42bc29.pfreq
277	:	1709163870.952	  1977.141	0	5830	0	0	doit requests/11157ab5-1706-4277-9762-dc5b000ff3cc.pfreq
325	:	1709165807.019	   117.345	0	4666	0	0	doit requests/13f10d0c-e1ee-49ab-b0a6-49644208d354.pfreq
327	:	1709165924.377	     3.506	0	610	0	0	doit requests/144b1cf5-e898-4180-b15a-5a0d358becf1.pfreq
318	:	1709165585.192	   389.331	0	5315	0	0	doit requests/13742b91-326d-4073-a31d-30489665b82b.pfreq
326	:	1709165848.099	   157.344	0	349	0	0	doit requests/1403f33e-beb5-4409-bc9b-59305dd289dd.pfreq
330	:	1709166005.447	     9.733	0	495	0	0	doit requests/149d56fc-9bb1-42a1-a729-5cd8f2222473.pfreq
331	:	1709166015.183	     3.497	0	298	0	0	doit requests/14a3bffd-beda-4970-ac80-d5f0f653bb8b.pfreq
328	:	1709165927.888	   107.844	0	5413	0	0	doit requests/14554b30-a9a7-4a0d-8513-341a04ae51c1.pfreq
322	:	1709165758.955	   277.720	0	312	0	0	doit requests/13aae6b3-d7a5-474e-8920-7af5b443ee51.pfreq
334	:	1709166036.678	     1.416	0	300	0	0	doit requests/14ac2d22-65f7-434b-8e65-a4461667305b.pfreq
329	:	1709165974.531	    64.205	0	3376	0	0	doit requests/14655ca1-8bd4-4430-a89d-e04d9bf05186.pfreq
320	:	1709165658.269	   389.240	0	433	0	0	doit requests/1381c799-b538-4b18-9205-a127ba369bee.pfreq
335	:	1709166038.099	    37.002	0	302	0	0	doit requests/14b4e8d5-d2f1-4906-9781-77b1e4bb66a0.pfreq
336	:	1709166038.742	    40.111	0	1943	0	0	doit requests/14c2cd1f-cb80-460c-b074-18e79e6a0816.pfreq
338	:	1709166075.105	     4.904	0	297	0	0	doit requests/14cc2463-b0bb-4576-9efa-8944de916d11.pfreq
339	:	1709166078.859	    51.312	0	383	0	0	doit requests/14f12952-5360-4010-9e2e-22deb1bbb1f4.pfreq
321	:	1709165746.201	   389.358	0	20926	0	0	doit requests/139d270d-975c-4f4c-bd50-fdeae138b4d0.pfreq
340	:	1709166080.013	    64.496	0	323	0	0	doit requests/14fa72da-d6bf-4465-a6f0-04fb82d02ca8.pfreq
323	:	1709165774.196	   389.444	0	435	0	0	doit requests/13bb107a-11e0-44c1-90f9-c2bc9553f9e1.pfreq
344	:	1709166163.644	    51.121	0	7815	0	0	doit requests/1538475c-96de-4a3b-901a-eb7d2a671da2.pfreq
345	:	1709166214.783	    73.460	0	301	0	0	doit requests/15498239-7f10-4ea5-9ffd-16c54ed4d0fc.pfreq
333	:	1709166035.738	   259.501	0	8866	0	0	doit requests/14a880db-3ab8-4b29-a836-09be6a5b635b.pfreq
337	:	1709166047.514	   259.421	0	309	0	0	doit requests/14c95cb8-a433-45ba-a011-d534c041aeda.pfreq
347	:	1709166295.253	    54.410	0	8321	0	0	doit requests/154fcab3-d369-48a3-a9dc-e9a44b4448f9.pfreq
346	:	1709166288.248	    78.603	0	304	0	0	doit requests/154fb454-7b14-4084-a338-693264309ce8.pfreq
349	:	1709166349.671	    22.923	0	298	0	0	doit requests/1570b451-587a-4da6-837e-94f1ed1d6fa6.pfreq
332	:	1709166018.685	   389.758	0	342	0	0	doit requests/14a8207f-2beb-4968-873f-971be2e0c438.pfreq
342	:	1709166135.608	   277.792	0	313	0	0	doit requests/15115e09-450d-4c0e-a816-a29532002e63.pfreq
352	:	1709166408.446	    64.679	0	22901	0	0	doit requests/15a62819-89bb-40ab-bc68-f10a43eb7c32.pfreq
354	:	1709166473.147	    15.578	0	1079	0	0	doit requests/15b9f3d3-9476-42a2-9f9c-4658353459f2.pfreq
355	:	1709166488.730	     1.404	0	305	0	0	doit requests/15e43e55-9e1a-4eeb-8c10-d70c671d59a1.pfreq
341	:	1709166130.175	   389.426	0	426	0	0	doit requests/150b21dc-f7be-4f20-a585-ae71288e906e.pfreq
353	:	1709166413.405	   117.173	0	10143	0	0	doit requests/15b2e7e6-f854-4384-9bbe-1a1fa5d1a208.pfreq
343	:	1709166144.513	   389.865	0	320	0	0	doit requests/152ab663-2f88-48ee-a9bd-29cf07a9ad9b.pfreq
357	:	1709166519.605	    68.098	0	309	0	0	doit requests/15fc18b6-0b22-44f9-a1fd-88f94f9c897e.pfreq
348	:	1709166306.940	   389.707	0	433	0	0	doit requests/15684340-8066-4b6e-9696-90f1a2159cae.pfreq
358	:	1709166530.606	   194.773	0	4235	0	0	doit requests/1610117d-37b0-4e09-bb17-08415deb3973.pfreq
351	:	1709166372.597	   389.442	0	8531	0	0	doit requests/15917c76-4379-463e-a2ce-4ddf5b5e9d0f.pfreq
356	:	1709166490.139	   276.492	0	312	0	0	doit requests/15f8aab9-c1ce-4ee4-b43d-9183a9d63992.pfreq
359	:	1709166534.383	   277.543	0	31201	0	0	doit requests/161e97fb-7a8a-46ea-8945-082a9e61a94c.pfreq
364	:	1709166766.636	    51.286	0	697	0	0	doit requests/167eebe7-b96f-4005-aebc-e655b755c1de.pfreq
366	:	1709166817.926	     0.848	0	12634	0	0	doit requests/168afade-e334-4592-b460-99d14cdddcd6.pfreq
350	:	1709166366.857	   497.228	0	302	0	0	doit requests/15736f93-03c6-4fc8-8604-f2fa6ce68d67.pfreq
368	:	1709166864.089	     0.870	0	536	0	0	doit requests/16bc9daa-de09-4834-b873-03072c8d9c58.pfreq
365	:	1709166811.977	    80.078	0	565	0	0	doit requests/1680df8a-6303-47a6-9c5d-3c18edfd0644.pfreq
363	:	1709166762.054	   133.986	0	300	0	0	doit requests/163d6992-4c18-48bf-907e-dc2b3d6887de.pfreq
369	:	1709166864.962	    45.691	0	863	0	0	doit requests/16d536ca-c9d2-4fb0-a925-60334d2c1668.pfreq
360	:	1709166587.709	   389.358	0	1060	0	0	doit requests/161fa012-4dcf-45f3-b1b0-2f1f9d5d46fd.pfreq
373	:	1709166977.072	   118.128	0	4666	0	0	doit requests/17052cd9-efeb-4975-984c-31412d7c79b7.pfreq
362	:	1709166725.387	   389.863	0	1300	0	0	doit requests/162abccf-2b18-4e90-997b-9db8c23e8fe4.pfreq
375	:	1709167115.256	    51.277	0	376	0	0	doit requests/17173b7e-7537-498a-ba78-f29284c76625.pfreq
372	:	1709166910.657	   298.728	0	305	0	0	doit requests/1700c8a5-34c2-4926-b3c3-788aa0d7e1c4.pfreq
377	:	1709167209.389	    16.416	0	4149	0	0	doit requests/17339531-d922-4be4-899e-9309880e8021.pfreq
371	:	1709166896.043	   389.871	0	1067	0	0	doit requests/17005ae8-7581-4714-9475-7d6f47d1a27f.pfreq
378	:	1709167225.811	   110.163	0	302	0	0	doit requests/1735a338-96a0-4aa2-9bd4-63bb7093cdea.pfreq
380	:	1709167335.979	    64.329	0	764	0	0	doit requests/174f7512-393e-49ec-922f-8b4835687f6c.pfreq
374	:	1709167095.208	   389.440	0	357	0	0	doit requests/1706d69b-48bd-40f1-a263-f3309955a174.pfreq
382	:	1709167484.654	    64.556	0	752	0	0	doit requests/17602b8a-8606-45a4-a655-d8791b8f60e1.pfreq
376	:	1709167166.538	   389.720	0	8119	0	0	doit requests/1721bd19-5bc7-49e6-834d-73bfc623e497.pfreq
384	:	1709167556.267	    54.268	0	314	0	0	doit requests/17b5d144-f109-42e6-9122-304ded98cfaf.pfreq
385	:	1709167610.539	     4.394	0	337	0	0	doit requests/17bc74a0-0356-4260-b209-3a6bc599bf34.pfreq
386	:	1709167614.938	     0.273	0	3529	0	0	doit requests/17db0ea4-3575-4481-a5c3-ae1bf49d95f8.pfreq
387	:	1709167615.216	    13.909	0	297	0	0	doit requests/17f23322-5d2a-4361-b2dc-4d30bdc68ed2.pfreq
388	:	1709167629.129	    10.430	0	4315	0	0	doit requests/18022e08-2a58-49c7-a764-9bd7581f8a3a.pfreq
389	:	1709167639.565	     4.743	0	648	0	0	doit requests/1830e631-21d7-41d2-ba7b-4ec601faf8db.pfreq
390	:	1709167644.312	    17.448	0	15506	0	0	doit requests/186e4b6e-7c45-4a55-8f14-119eac74b52c.pfreq
391	:	1709167661.804	    64.483	0	6884	0	0	doit requests/18855359-5f97-4f78-bf53-4896e790e2b7.pfreq
392	:	1709167726.298	    40.065	0	4435	0	0	doit requests/1885c6f3-5973-46f4-8531-21302310cd58.pfreq
381	:	1709167400.312	   389.552	0	974	0	0	doit requests/175ddba8-51d3-4e81-abb5-4c6741462bdf.pfreq
394	:	1709167789.869	    78.325	0	28956	0	0	doit requests/18a0945b-d7b2-40d7-843f-d72f01063e22.pfreq
395	:	1709167868.230	    17.289	0	303	0	0	doit requests/18b8267c-be5b-4e63-b0b9-225cdccca4fb.pfreq
370	:	1709166892.059	  1001.295	0	441	0	0	doit requests/16f0690c-d9ea-451d-9344-192dc9abe8b2.pfreq
383	:	1709167549.217	   389.131	0	7381	0	0	doit requests/178fd75f-5edc-46fb-9a9e-bb3da2b8a66c.pfreq
398	:	1709167938.355	    17.460	0	298	0	0	doit requests/1933abf7-0ace-4cb7-b49b-585f61d5faf0.pfreq
397	:	1709167893.360	   110.206	0	329	0	0	doit requests/18d72845-dd1c-43bb-9445-177fe07e8f29.pfreq
400	:	1709168003.570	    64.322	0	602	0	0	doit requests/19515f1b-a507-4191-b750-40300e869264.pfreq
399	:	1709167955.818	   140.555	0	317	0	0	doit requests/1942b60f-3afe-4078-b08c-225fffccdc42.pfreq
393	:	1709167766.370	   389.259	0	5557	0	0	doit requests/1888eaa0-09b3-43c0-9163-41dfb629002e.pfreq
402	:	1709168096.379	   116.654	0	32799	0	0	doit requests/198bbccd-477e-4d61-8f92-a939178a4ba0.pfreq
404	:	1709168213.091	   195.001	0	820	0	0	doit requests/19a11d90-05d7-45f5-bdd2-d1fa7f39ad39.pfreq
403	:	1709168155.657	   299.550	0	7930	0	0	doit requests/198cfae8-02e0-4604-964b-c1e295c6be67.pfreq
401	:	1709168067.903	   389.387	0	8524	0	0	doit requests/19650974-a974-44c3-bba4-d208a68d1de9.pfreq
407	:	1709168457.312	    54.763	0	314	0	0	doit requests/19d4fa2d-84b0-4666-bda0-f9f4948fdf4e.pfreq
367	:	1709166818.825	  1956.023	0	659	0	0	doit requests/16a64b7d-f383-4a2a-8faf-4175df209468.pfreq
405	:	1709168408.100	   389.503	0	5564	0	0	doit requests/19afc04e-ff24-4548-af3e-fef73b5a66c7.pfreq
406	:	1709168455.223	   389.497	0	3040	0	0	doit requests/19c4acf8-d694-4cab-b033-3d32499a2f64.pfreq
411	:	1709168844.727	   102.907	0	342	0	0	doit requests/1a0224d7-17a4-4a6b-bf56-c41ef9125cf5.pfreq
409	:	1709168774.853	   182.371	0	338	0	0	doit requests/19e14122-702b-47c4-8f21-acaf45307f1c.pfreq
412	:	1709168947.641	    76.046	0	5748	0	0	doit requests/1a21c5f9-2712-4dca-b279-d0e7fff13c1d.pfreq
413	:	1709168957.231	    89.907	0	300	0	0	doit requests/1a24fb8f-205d-4281-9f44-1125e7faecb9.pfreq
414	:	1709169023.700	   117.748	0	1492	0	0	doit requests/1a356969-06fe-4b26-a183-dbb020843a5c.pfreq
410	:	1709168797.612	   389.572	0	8535	0	0	doit requests/19ee9d5f-2095-46fc-a12c-9c23c0907c1a.pfreq
417	:	1709169187.193	    43.560	0	6401	0	0	doit requests/1a521ab9-9ded-4c9d-a59a-0489cd4272e8.pfreq
379	:	1709167285.920	  1977.440	0	323	0	0	doit requests/174b4ead-0479-4ab7-aa7f-2ba4f1b19c4f.pfreq
415	:	1709169047.142	   389.605	0	8531	0	0	doit requests/1a3d0b35-fe38-4de8-9ec6-91b1d18f614d.pfreq
419	:	1709169263.367	   389.205	0	307	0	0	doit requests/1a61445c-eac4-4b9a-a3a5-0070ee5e2bd6.pfreq
421	:	1709169652.579	     4.765	0	654	0	0	doit requests/1a698c0c-6f18-4a08-a377-221b1aaa6935.pfreq
422	:	1709169657.349	    57.631	0	6366	0	0	doit requests/1a9a869e-c611-4c4d-85b2-41ea70739f28.pfreq
423	:	1709169714.989	    17.184	0	310	0	0	doit requests/1ab72b63-7164-4de9-98f9-3692ce8d2328.pfreq
424	:	1709169732.177	    78.317	0	317	0	0	doit requests/1ac463f1-bbce-40f9-8f07-0dad647b70c8.pfreq
420	:	1709169436.764	   389.169	0	974	0	0	doit requests/1a678d13-4a27-46ed-9790-7e93c1e7db6c.pfreq
426	:	1709169825.937	    16.368	0	297	0	0	doit requests/1b0b57e8-40d1-459f-bc75-dc683a08c599.pfreq
425	:	1709169810.502	    51.217	0	7576	0	0	doit requests/1af1bf39-21e1-4bc6-884b-0af6c94dc1c8.pfreq
428	:	1709169861.730	     0.921	0	542	0	0	doit requests/1b2051dc-57b9-40d2-9b4f-0bdbd9331958.pfreq
396	:	1709167885.523	  1977.602	0	346	0	0	doit requests/18bdaa7d-3e1c-4d24-8c7c-9fc9834fb55d.pfreq
430	:	1709169863.131	   389.340	0	307	0	0	doit requests/1b6dae92-9541-4a3b-934f-224501043abc.pfreq
431	:	1709170252.478	     8.930	0	7691	0	0	doit requests/1b71e2db-2c94-4bac-b0d1-ba28ce97a358.pfreq
361	:	1709166696.653	  3617.765	0	32481	0	0	doit requests/1621e5b5-7da2-4c80-8b14-346c9443ee39.pfreq
429	:	1709169862.656	   539.782	0	1190	0	0	doit requests/1b24991f-09e3-408b-9024-13b9808f3a86.pfreq
433	:	1709170314.478	   117.160	0	4673	0	0	doit requests/1bac59ab-5b38-4402-bc00-ca61196fa19c.pfreq
435	:	1709170431.647	     0.962	0	401	0	0	doit requests/1bb5ddc7-c632-40c3-8e25-ffbf29c05fa6.pfreq
434	:	1709170402.442	   254.299	0	2439	0	0	doit requests/1bad75c7-908f-463a-81cf-85f798064e2f.pfreq
432	:	1709170261.420	   825.421	0	2559	0	0	doit requests/1b7bc5ed-4488-4a0e-bb2e-f2466dfd0e85.pfreq
438	:	1709171086.849	    13.541	0	312	0	0	doit requests/1bcc7132-e421-4b02-83e7-4e97adcd2ce2.pfreq
416	:	1709169141.455	  1976.479	0	339	0	0	doit requests/1a5015bc-860c-4821-9ade-a83d98c05a4f.pfreq
440	:	1709171117.950	     0.760	0	292	0	0	doit requests/1be86569-1093-4348-9e7d-cb4cf30daa5e.pfreq
439	:	1709171100.394	    78.707	0	4427	0	0	doit requests/1bd864e0-4976-4ada-a026-9f15b7831063.pfreq
418	:	1709169230.771	  1976.894	0	5646	0	0	doit requests/1a5b3b9e-4deb-4a59-9ca1-36d10c26239a.pfreq
441	:	1709171118.715	   103.143	0	466	0	0	doit requests/1bf7ce4d-f89a-4403-9eb8-2b06771fb34e.pfreq
443	:	1709171207.681	    35.949	0	588	0	0	doit requests/1c2817cf-09f3-42da-bb74-721a743866a5.pfreq
444	:	1709171221.861	    68.175	0	303	0	0	doit requests/1c31ec78-6565-4e10-9e67-3de895374ba9.pfreq
445	:	1709171243.633	    64.530	0	24919	0	0	doit requests/1c33209b-3a06-41c5-aecb-be7e24afc840.pfreq
447	:	1709171308.185	    51.101	0	314	0	0	doit requests/1c441354-1097-4f5a-9ae8-6b5a4455dadc.pfreq
446	:	1709171290.041	   117.191	0	307	0	0	doit requests/1c360862-ec85-41cc-8324-590b0118fd83.pfreq
448	:	1709171359.291	    64.490	0	316	0	0	doit requests/1c47a9c1-c774-4f2d-86ab-eafd3071a407.pfreq
450	:	1709171423.786	    54.708	0	8341	0	0	doit requests/1c54ea4c-4e24-415e-b1d8-0366131c24df.pfreq
449	:	1709171407.235	    78.666	0	393	0	0	doit requests/1c51a73d-e45f-4860-a7b4-803d7f492757.pfreq
451	:	1709171478.506	    67.986	0	13962	0	0	doit requests/1c5eb8ae-31e5-4169-85ca-b7ee3108c0f4.pfreq
452	:	1709171485.907	    64.392	0	595	0	0	doit requests/1c8c5828-dbb8-4036-8b09-ebdc78d5d657.pfreq
454	:	1709171550.304	     6.391	0	301	0	0	doit requests/1c975945-ea09-488b-b62d-c0906f5ae65e.pfreq
453	:	1709171546.521	    54.336	0	785	0	0	doit requests/1c8c9d54-2509-450d-865d-dd88c91d59ef.pfreq
455	:	1709171556.699	    64.567	0	316	0	0	doit requests/1ca1ad12-948d-494d-bfa0-8ff96408c1e9.pfreq
456	:	1709171600.860	    42.884	0	303	0	0	doit requests/1ca60783-c5a0-491e-8a6d-acdf5fd4f30f.pfreq
427	:	1709169842.310	  1977.124	0	5823	0	0	doit requests/1b166126-a97b-49e5-bcd8-77b5366bbb65.pfreq
458	:	1709171643.748	   254.328	0	307	0	0	doit requests/1cc6c4c9-5bff-4ff2-a5d2-3308e7f55125.pfreq
460	:	1709171898.080	     4.805	0	346	0	0	doit requests/1cd3f699-2612-452e-9aa3-eaf35aa8bf02.pfreq
461	:	1709171902.891	     2.618	0	908	0	0	doit requests/1ce36232-944f-4d2d-8373-13776da3cfab.pfreq
462	:	1709171905.514	    51.292	0	404	0	0	doit requests/1d098cb0-3f1b-47ad-8794-bbb3fc6026fb.pfreq
463	:	1709171956.810	     0.581	0	296	0	0	doit requests/1d16bfb5-a43b-4462-bf92-f526c5526922.pfreq
459	:	1709171819.442	   182.521	0	349	0	0	doit requests/1cd1dac3-b6e5-48a6-9193-0c3a9e96a31b.pfreq
457	:	1709171621.269	   389.411	0	683	0	0	doit requests/1cb3c1d1-bb22-47b1-ab28-fa664d6acdb0.pfreq
464	:	1709171957.395	    64.492	0	8773	0	0	doit requests/1d3141bf-e6e4-48f2-85c1-52503f00da9b.pfreq
467	:	1709172021.902	     0.115	0	4171	0	0	doit requests/1d551469-a505-4f49-9219-70fbf8e5bbea.pfreq
408	:	1709168512.080	  3615.699	0	311	0	0	doit requests/19dad966-7a4b-48a0-9b51-2ec54a57231f.pfreq
468	:	1709172022.024	   138.036	0	28993	0	0	doit requests/1d5e4443-2df3-412c-9cef-6723947e6819.pfreq
470	:	1709172160.110	   182.407	0	18942	0	0	doit requests/1d65c2bf-4a2b-4dc3-82a2-71e7069020e6.pfreq
471	:	1709172342.558	    51.177	0	494	0	0	doit requests/1d76ce1e-3e57-4c70-bd2a-c0e40ac8165f.pfreq
469	:	1709172127.786	   273.483	0	31195	0	0	doit requests/1d61daf3-b4d1-43e7-a24c-1242b1be1dcc.pfreq
436	:	1709170432.615	  1976.936	0	5403	0	0	doit requests/1bbf2915-bf8c-4688-9e20-984cafd732f6.pfreq
474	:	1709172409.560	    17.476	0	299	0	0	doit requests/1d9ef5fb-5d27-44df-9dbe-0ab1b519cecd.pfreq
475	:	1709172427.040	    64.189	0	429	0	0	doit requests/1dac42bd-7229-4bde-9fef-ebaa792752ca.pfreq
437	:	1709170656.750	  1977.036	0	757	0	0	doit requests/1bc807c7-c973-4416-ac1e-44b01e0abd04.pfreq
465	:	1709172001.968	   681.863	0	302	0	0	doit requests/1d357732-325e-43ac-a592-c3f76291b63a.pfreq
472	:	1709172393.741	   389.390	0	831	0	0	doit requests/1d7c6825-acb8-4ea5-8e90-5ff8d6de1a5d.pfreq
473	:	1709172401.325	   389.355	0	4299	0	0	doit requests/1d7e3926-6b08-4354-8cdb-c15d9a8cf6f9.pfreq
480	:	1709172790.686	     9.860	0	2724	0	0	doit requests/1e143711-15b7-4de9-8633-5a46926d8469.pfreq
481	:	1709172800.552	     1.513	0	11470	0	0	doit requests/1e32675a-f404-445a-87b0-57dbdde3d9db.pfreq
478	:	1709172683.835	   190.115	0	304	0	0	doit requests/1df3a114-89eb-4be4-833a-9bf861493407.pfreq
483	:	1709172873.956	     0.282	0	296	0	0	doit requests/1e57617b-31a9-4433-a657-b61e2adbd4bc.pfreq
476	:	1709172491.232	   389.294	0	8112	0	0	doit requests/1dbb14e8-b4e4-4d2a-9c75-4a4a99824e7e.pfreq
477	:	1709172633.790	   254.174	0	1990	0	0	doit requests/1de4b42d-2503-4256-97bc-894ca8a8e110.pfreq
486	:	1709172887.973	   103.319	0	313	0	0	doit requests/1eceec12-3902-4986-a3db-0e969853940c.pfreq
484	:	1709172874.243	   122.711	0	318	0	0	doit requests/1e5cb02a-859b-4b43-8306-06bc4a52c77b.pfreq
487	:	1709172991.297	    54.584	0	9696	0	0	doit requests/1ed053ea-76b4-4578-9f30-f98c3e446761.pfreq
479	:	1709172783.134	   298.391	0	7924	0	0	doit requests/1df57ab1-6523-4786-a51a-6537758634de.pfreq
490	:	1709173081.536	    36.898	0	301	0	0	doit requests/1ef2ea88-3962-41ce-ae28-c726ee6c5fc6.pfreq
442	:	1709171179.108	  1976.717	0	315	0	0	doit requests/1c27aa24-2fdb-4d68-8416-cb4cec3d9806.pfreq
488	:	1709172996.959	   254.104	0	4839	0	0	doit requests/1ed06399-e6a5-4d5e-bfaa-5cc56e69db7b.pfreq
491	:	1709173118.440	   195.011	0	308	0	0	doit requests/1f1dddb2-0995-45bc-b7df-74f0f465ea4a.pfreq
494	:	1709173313.463	     1.590	0	294	0	0	doit requests/1f363ba9-16d4-4cba-b283-9ac859a63b20.pfreq
489	:	1709173045.890	   389.236	0	426	0	0	doit requests/1eeff60a-bee2-4207-875a-0bcf732bd802.pfreq
496	:	1709173435.132	     2.605	0	27720	0	0	doit requests/1f53e341-bb47-4ba3-81c2-3e1882bc8556.pfreq
482	:	1709172802.086	   681.483	0	20163	0	0	doit requests/1e36ccd2-19fe-4e37-aa5c-b04cf06f1ce4.pfreq
498	:	1709173483.593	     1.419	0	311	0	0	doit requests/1f76b30f-7503-4cf6-ad7b-7ef092cbf8fb.pfreq
493	:	1709173251.070	   389.453	0	1109	0	0	doit requests/1f3438ec-6a5f-4322-8f68-0a6d23d06590.pfreq
497	:	1709173437.806	   389.351	0	634	0	0	doit requests/1f578800-2617-4737-acde-3b8dc0711b2d.pfreq
499	:	1709173485.017	   389.479	0	1321	0	0	doit requests/1f8d0554-d49b-47d6-b3ad-cc930fb54bab.pfreq
502	:	1709173874.500	     0.897	0	308	0	0	doit requests/1fe8b102-a82e-49f2-a57d-c5ca5a569d06.pfreq
501	:	1709173827.163	    89.967	0	406	0	0	doit requests/1fd91b99-b5a2-4efe-a4ef-3c8431476203.pfreq
466	:	1709172010.684	  1976.838	0	2662	0	0	doit requests/1d50a37f-6807-46ea-9790-323ca512850a.pfreq
505	:	1709173987.529	    17.273	0	302	0	0	doit requests/2055cb92-3e9b-499b-a80c-8b86455c91c1.pfreq
500	:	1709173640.529	   389.246	0	313	0	0	doit requests/1fd57457-425b-42ba-8c9f-ac2be3e0ab98.pfreq
506	:	1709174004.807	   190.322	0	303	0	0	doit requests/205bb431-bb0a-4939-b36a-7349f6ec7dcb.pfreq
503	:	1709173875.401	   389.272	0	988	0	0	doit requests/200d0b9c-604d-4b30-a5c8-a7f71efe03c4.pfreq
507	:	1709174029.780	   389.302	0	442	0	0	doit requests/206ebd79-4a4a-42d5-b847-92f0a82bdc80.pfreq
509	:	1709174264.680	   280.540	0	320	0	0	doit requests/20997063-c567-432e-92b3-5e6fd1d8f844.pfreq
511	:	1709174545.226	   103.215	0	718	0	0	doit requests/20c0f8d6-fb19-445c-89e5-d8bea2b6e81e.pfreq
510	:	1709174419.087	   389.656	0	5308	0	0	doit requests/20a08170-5923-4c4e-99cf-ea55d462589c.pfreq
513	:	1709174808.754	    54.401	0	315	0	0	doit requests/20e987cd-0ecb-4d21-97d0-24594f468aab.pfreq
514	:	1709174863.159	    10.383	0	300	0	0	doit requests/20eab58c-7b9a-483d-a4b4-8faea24de21d.pfreq
512	:	1709174648.448	   288.384	0	2473	0	0	doit requests/20e550f1-3e81-478d-a8c8-f189b8117036.pfreq
516	:	1709174936.836	    15.561	0	1073	0	0	doit requests/210a8a2d-d32d-44cf-b2dc-b77d0437b1dd.pfreq
492	:	1709173155.830	  1977.309	0	504	0	0	doit requests/1f2c15fc-e06c-4ec1-89c9-582a500fe757.pfreq
515	:	1709174873.546	   389.306	0	314	0	0	doit requests/20ef92b1-e284-4ef8-9652-feda74ef5750.pfreq
519	:	1709175262.857	     9.339	0	1365	0	0	doit requests/2123cdba-a664-472d-acde-42d2420794d1.pfreq
495	:	1709173315.060	  1977.407	0	302	0	0	doit requests/1f47d17f-04d4-4041-9054-a2775f0cf717.pfreq
518	:	1709175133.143	   389.379	0	305	0	0	doit requests/21100bea-ce3b-4c7a-93cc-47be8f31a5d3.pfreq
520	:	1709175272.201	   389.462	0	594	0	0	doit requests/214a1e84-3ea0-493f-9437-e3bcbfe86226.pfreq
521	:	1709175292.473	   389.566	0	320	0	0	doit requests/214ef72f-d151-4a25-b25e-39abdfbf4010.pfreq
523	:	1709175661.669	    64.465	0	3376	0	0	doit requests/216b4ae5-2b7c-4df2-9964-d5cb34637a02.pfreq
525	:	1709175726.140	     0.400	0	656	0	0	doit requests/21a4f8ec-b9b5-4666-845f-36510b15962c.pfreq
504	:	1709173917.135	  1977.446	0	353	0	0	doit requests/20425498-d3e7-4cab-b109-b5a0a8666438.pfreq
522	:	1709175522.525	   389.727	0	312	0	0	doit requests/2150fcab-be90-49ec-b63b-be2968e6ac6a.pfreq
527	:	1709175894.585	    36.088	0	303	0	0	doit requests/21bc31b2-6943-446f-9030-b71068a5a925.pfreq
528	:	1709175912.257	    36.904	0	301	0	0	doit requests/21cf5340-f206-4fa5-8ff3-0afe39da84be.pfreq
530	:	1709175949.166	    51.115	0	520	0	0	doit requests/21d8da86-2f31-4fc5-8081-a927615856cb.pfreq
524	:	1709175682.046	   389.275	0	362	0	0	doit requests/21808230-bb28-46ca-ae73-4a90455323a9.pfreq
526	:	1709175726.548	   389.585	0	3033	0	0	doit requests/21b561a0-4891-4be1-91a9-b6d7fde90a2c.pfreq
508	:	1709174195.133	  1956.085	0	312	0	0	doit requests/209422af-aaf1-42cf-804e-5b57dc88c87c.pfreq
533	:	1709176116.138	    54.226	0	315	0	0	doit requests/2203a466-9c7e-40cd-98ec-00f3cc4ad20c.pfreq
534	:	1709176151.222	    64.162	0	589	0	0	doit requests/2209bca0-efc7-4034-89e4-1c544a41be52.pfreq
535	:	1709176170.370	   117.728	0	15900	0	0	doit requests/221162e2-12b4-4a97-af50-c0b6febb1a46.pfreq
529	:	1709175930.682	   389.200	0	336	0	0	doit requests/21cfc43b-abf9-4ca7-9d52-cc76bec32bfa.pfreq
536	:	1709176215.389	   259.457	0	7901	0	0	doit requests/22134cd7-9dca-4234-82da-fe7ae70d5dd9.pfreq
485	:	1709172880.534	  3617.696	0	318	0	0	doit requests/1e87eb2d-40ea-461e-8b23-243091416b84.pfreq
539	:	1709176474.856	   117.795	0	10141	0	0	doit requests/223812a6-16d6-43ac-8fb4-4fb4c0199e0b.pfreq
537	:	1709176288.114	   389.414	0	831	0	0	doit requests/221b567c-afc0-4864-bf2d-3a5a40b1e382.pfreq
540	:	1709176498.235	   190.178	0	302	0	0	doit requests/223fb23a-662e-403a-bfa8-a155e6fce19c.pfreq
543	:	1709176688.417	     4.743	0	300	0	0	doit requests/22a8ba5b-7e8a-449c-8065-8a868877706d.pfreq
538	:	1709176319.888	   389.358	0	319	0	0	doit requests/222931f7-a11d-434d-a6a6-231a6ec29080.pfreq
545	:	1709176709.251	     0.966	0	1064	0	0	doit requests/22f70cab-329b-4618-a608-a0f985a8aecb.pfreq
546	:	1709176710.221	     0.276	0	3410	0	0	doit requests/22fc8c40-c52b-4083-81f1-11693a37b1bc.pfreq
542	:	1709176677.536	    89.831	0	22968	0	0	doit requests/22a1533a-0932-4a42-a13a-953702dbd6d4.pfreq
544	:	1709176693.165	    84.625	0	21946	0	0	doit requests/22c335a6-ac4e-48a0-9dd3-48a859161ca3.pfreq
548	:	1709176767.407	    64.563	0	315	0	0	doit requests/2307c544-7202-4418-a260-3fe57c0e40ca.pfreq
550	:	1709176831.977	    11.244	0	310	0	0	doit requests/232997fc-c715-423d-93e8-9b4c7f486d14.pfreq
551	:	1709176843.226	    41.049	0	31237	0	0	doit requests/232c528e-2c73-4c82-b058-0e5e91751fb5.pfreq
517	:	1709174952.401	  1976.838	0	4670	0	0	doit requests/210cdafa-34e9-46c4-8d47-72cd4942f330.pfreq
549	:	1709176777.853	   288.401	0	956	0	0	doit requests/2316fdb7-4165-4b8a-8025-0d76444fcd09.pfreq
532	:	1709176071.327	  1000.817	0	303	0	0	doit requests/21f20052-925c-434f-9142-4b94c49f3606.pfreq
555	:	1709177072.149	     0.285	0	298	0	0	doit requests/236e479e-766c-45b9-948a-fc512f5b0600.pfreq
541	:	1709176592.672	   540.085	0	306	0	0	doit requests/224e208b-554e-4eca-890b-26380c8563b0.pfreq
556	:	1709177072.439	    78.653	0	3139	0	0	doit requests/2379cfae-e915-4942-aee0-21093e3fbd81.pfreq
557	:	1709177132.762	    54.824	0	15692	0	0	doit requests/237c21bc-61af-455a-87d0-2b9b8bab489e.pfreq
553	:	1709176929.246	   389.381	0	4313	0	0	doit requests/2339cdbf-8ecc-4a79-bb72-e48769d6001b.pfreq
547	:	1709176710.505	   819.506	0	349	0	0	doit requests/2300dd02-6406-4e06-9050-f1c195e1f273.pfreq
561	:	1709177530.019	     0.901	0	5143	0	0	doit requests/23bee609-9326-4730-b058-4ca991144c00.pfreq
562	:	1709177530.930	    10.529	0	546	0	0	doit requests/23c4d334-b92c-4433-8e75-2856aa992393.pfreq
558	:	1709177151.098	   410.010	0	2603	0	0	doit requests/23903c2f-4688-411a-aa27-1fe6dbdfb3e6.pfreq
563	:	1709177541.467	    57.293	0	792	0	0	doit requests/23c8fb1c-5611-4dc9-ae7d-384384c8d8e5.pfreq
559	:	1709177187.601	   411.297	0	587	0	0	doit requests/2394c735-f72e-4bfd-8407-8e84db47a756.pfreq
566	:	1709177598.906	     0.945	0	313	0	0	doit requests/23f97b6b-46d8-45d9-bc46-755d02d2e9ae.pfreq
565	:	1709177598.767	     4.643	0	10957	0	0	doit requests/23f40bef-4dc7-439c-8310-31e19254efed.pfreq
554	:	1709177066.263	   768.573	0	16677	0	0	doit requests/2343d25b-11ef-4adb-a1f1-dc9ba6ca723b.pfreq
560	:	1709177318.635	   576.358	0	306	0	0	doit requests/239f6702-cae1-4c25-b010-34b961341a3d.pfreq
570	:	1709177895.001	    53.710	0	398	0	0	doit requests/24303c7e-1d30-43e6-bcd9-bd0ef38f39c0.pfreq
564	:	1709177561.115	   408.833	0	1109	0	0	doit requests/23c9028b-480c-4a63-a784-8b8cdfb68140.pfreq
572	:	1709177969.954	     4.759	0	5370	0	0	doit requests/24507de8-4380-4d22-ad6e-146e8942bed2.pfreq
